2025-07-07 12:49:22,654 - SimpleLog4JLogSystem initialized using logfile 'velocity.log'
2025-07-07 12:49:22,654 - ************************************************************** 
2025-07-07 12:49:22,654 - Starting Jakarta Velocity v1.4
2025-07-07 12:49:22,654 - RuntimeInstance initializing.
2025-07-07 12:49:22,654 - Default Properties File: org\apache\velocity\runtime\defaults\velocity.properties
2025-07-07 12:49:22,654 - Trying to use logger class org.apache.velocity.runtime.log.SimpleLog4JLogSystem
2025-07-07 12:49:22,654 - Using logger class org.apache.velocity.runtime.log.SimpleLog4JLogSystem
2025-07-07 12:49:22,671 - Default ResourceManager initializing. (class org.apache.velocity.runtime.resource.ResourceManagerImpl)
2025-07-07 12:49:22,673 - Resource Loader Instantiated: org.apache.velocity.runtime.resource.loader.ClasspathResourceLoader
2025-07-07 12:49:22,673 - ClasspathResourceLoader : initialization starting.
2025-07-07 12:49:22,673 - ClasspathResourceLoader : initialization complete.
2025-07-07 12:49:22,673 - ResourceCache : initialized. (class org.apache.velocity.runtime.resource.ResourceCacheImpl)
2025-07-07 12:49:22,673 - Default ResourceManager initialization complete.
2025-07-07 12:49:22,676 - Loaded System Directive: org.apache.velocity.runtime.directive.Literal
2025-07-07 12:49:22,676 - Loaded System Directive: org.apache.velocity.runtime.directive.Macro
2025-07-07 12:49:22,676 - Loaded System Directive: org.apache.velocity.runtime.directive.Parse
2025-07-07 12:49:22,678 - Loaded System Directive: org.apache.velocity.runtime.directive.Include
2025-07-07 12:49:22,678 - Loaded System Directive: org.apache.velocity.runtime.directive.Foreach
2025-07-07 12:49:22,689 - Created: 20 parsers.
2025-07-07 12:49:22,693 - Velocimacro : initialization starting.
2025-07-07 12:49:22,693 - Velocimacro : adding VMs from VM library template : VM_global_library.vm
2025-07-07 12:49:22,695 - ResourceManager : unable to find resource 'VM_global_library.vm' in any resource loader.
2025-07-07 12:49:22,695 - Velocimacro : error using  VM library template VM_global_library.vm : org.apache.velocity.exception.ResourceNotFoundException: Unable to find resource 'VM_global_library.vm'
2025-07-07 12:49:22,695 - Velocimacro :  VM library template macro registration complete.
2025-07-07 12:49:22,695 - Velocimacro : allowInline = true : VMs can be defined inline in templates
2025-07-07 12:49:22,695 - Velocimacro : allowInlineToOverride = false : VMs defined inline may NOT replace previous VM definitions
2025-07-07 12:49:22,695 - Velocimacro : allowInlineLocal = false : VMs defined inline will be  global in scope if allowed.
2025-07-07 12:49:22,695 - Velocimacro : messages on  : VM system will output logging messages
2025-07-07 12:49:22,695 - Velocimacro : autoload off  : VM system will not automatically reload global library macros
2025-07-07 12:49:22,695 - Velocimacro : initialization complete.
2025-07-07 12:49:22,695 - Velocity successfully started.
